[debug] [2026-01-09T13:44:37.074Z] ----------------------------------------------------------------------
[debug] [2026-01-09T13:44:37.077Z] Command:       C:\Program Files\nodejs\node.exe C:\Users\RONNIELLE\AppData\Roaming\npm\node_modules\firebase-tools\lib\bin\firebase.js init
[debug] [2026-01-09T13:44:37.078Z] CLI Version:   15.2.1
[debug] [2026-01-09T13:44:37.078Z] Platform:      win32
[debug] [2026-01-09T13:44:37.078Z] Node Version:  v24.12.0
[debug] [2026-01-09T13:44:37.078Z] Time:          Fri Jan 09 2026 10:44:37 GMT-0300 (Horário Padrão de Brasília)
[debug] [2026-01-09T13:44:37.078Z] ----------------------------------------------------------------------
[debug] 
[info] 
     ######## #### ########  ######## ########     ###     ######  ########
     ##        ##  ##     ## ##       ##     ##  ##   ##  ##       ##
     ######    ##  ########  ######   ########  #########  ######  ######
     ##        ##  ##    ##  ##       ##     ## ##     ##       ## ##
     ##       #### ##     ## ######## ########  ##     ##  ######  ########

You're about to initialize a Firebase project in this directory:

  G:\Meu Drive\Google AI Studio\CienciasQuest\CienciasQuest

Before we get started, keep in mind:

  * You are initializing within an existing Firebase project directory

[info] 
=== Project Setup
[info] 
[info] First, let's associate this project directory with a Firebase project.
[info] You can create multiple project aliases by running firebase use --add, 
[info] 
[debug] [2026-01-09T13:45:17.916Z] > command requires scopes: ["email","openid","https://www.googleapis.com/auth/cloudplatformprojects.readonly","https://www.googleapis.com/auth/firebase","https://www.googleapis.com/auth/cloud-platform"]
[debug] [2026-01-09T13:45:17.916Z] > authorizing via signed-in user (ronnitic@gmail.com)
[debug] [2026-01-09T13:45:17.917Z] Checked if tokens are valid: true, expires at: 1767968386122
[debug] [2026-01-09T13:45:17.917Z] Checked if tokens are valid: true, expires at: 1767968386122
[debug] [2026-01-09T13:45:17.918Z] >>> [apiv2][query] GET https://firebase.googleapis.com/v1beta1/projects/cienciasquest [none]
[debug] [2026-01-09T13:45:18.570Z] <<< [apiv2][status] GET https://firebase.googleapis.com/v1beta1/projects/cienciasquest 200
[debug] [2026-01-09T13:45:18.571Z] <<< [apiv2][body] GET https://firebase.googleapis.com/v1beta1/projects/cienciasquest {"projectId":"cienciasquest","projectNumber":"925531314582","displayName":"CienciasQuest","name":"projects/cienciasquest","resources":{"hostingSite":"cienciasquest"},"state":"ACTIVE","etag":"1_65472881-a637-4d25-a1eb-26a38ab25151"}
[info] i  Using project cienciasquest (CienciasQuest) . 
[info] 
=== Firestore Setup
[info] i  firestore: ensuring required API firestore.googleapis.com is enabled... 
[debug] [2026-01-09T13:45:18.581Z] Checked if tokens are valid: true, expires at: 1767968386122
[debug] [2026-01-09T13:45:18.581Z] Checked if tokens are valid: true, expires at: 1767968386122
[debug] [2026-01-09T13:45:18.581Z] >>> [apiv2][query] GET https://firestore.googleapis.com/v1/projects/cienciasquest/databases [none]
[debug] [2026-01-09T13:45:19.401Z] <<< [apiv2][status] GET https://firestore.googleapis.com/v1/projects/cienciasquest/databases 200
[debug] [2026-01-09T13:45:19.401Z] <<< [apiv2][body] GET https://firestore.googleapis.com/v1/projects/cienciasquest/databases {"databases":[{"name":"projects/cienciasquest/databases/(default)","uid":"d7e77a89-7fc5-4924-a11a-50e06e9f9c5d","createTime":"2026-01-08T16:58:10.534001Z","updateTime":"2026-01-08T16:58:10.534001Z","locationId":"nam5","type":"FIRESTORE_NATIVE","concurrencyMode":"PESSIMISTIC","versionRetentionPeriod":"3600s","earliestVersionTime":"2026-01-09T12:45:19.413941Z","appEngineIntegrationMode":"DISABLED","keyPrefix":"s","pointInTimeRecoveryEnablement":"POINT_IN_TIME_RECOVERY_DISABLED","deleteProtectionState":"DELETE_PROTECTION_DISABLED","databaseEdition":"STANDARD","freeTier":true,"realtimeUpdatesMode":"REALTIME_UPDATES_MODE_ENABLED","etag":"IIjlsuPL/pEDMMPf7Ja1/JED"}]}
[info] 
[info] Firestore Security Rules allow you to define how and when to allow
[info] requests. You can keep these rules in your project directory
[info] and publish them with firebase deploy.
[info] 
